build/app/intermediates/manifest_merge_blame_file/debug/processDebugMainManifest/manifest-merger-blame-debug-report.txt
1<?xml version="1.0" encoding="utf-8"?>
2<manifest xmlns:android="http://schemas.android.com/apk/res/android"
3    package="com.example.open_court"
4    android:versionCode="1"
5    android:versionName="1.0.0" >
6
7    <uses-sdk
8        android:minSdkVersion="21"
9        android:targetSdkVersion="35" />
10    <!--
11         The INTERNET permission is required for development. Specifically,
12         the Flutter tool needs it to communicate with the running application
13         to allow setting breakpoints, to provide hot reload, etc.
14    -->
15    <uses-permission android:name="android.permission.INTERNET" />
15-->src\debug\AndroidManifest.xml:6:5-66
15-->src\debug\AndroidManifest.xml:6:22-64
16    <uses-permission
16-->src\main\AndroidManifest.xml:2:5-80
17        android:name="android.permission.WRITE_EXTERNAL_STORAGE"
17-->src\main\AndroidManifest.xml:2:22-78
18        android:maxSdkVersion="28" />
18-->[:camera_android_camerax] AndroidManifest.xml:13:9-35
19    <uses-permission android:name="android.permission.ACCESS_COARSE_LOCATION" />
19-->src\main\AndroidManifest.xml:3:5-81
19-->src\main\AndroidManifest.xml:3:22-78
20    <uses-permission android:name="android.permission.ACCESS_FINE_LOCATION" />
20-->src\main\AndroidManifest.xml:4:5-79
20-->src\main\AndroidManifest.xml:4:22-76
21    <!--
22 Required to query activities that can process text, see:
23         https://developer.android.com/training/package-visibility and
24         https://developer.android.com/reference/android/content/Intent#ACTION_PROCESS_TEXT.
25
26         In particular, this is used by the Flutter engine in io.flutter.plugin.text.ProcessTextPlugin.
27    -->
28    <queries>
28-->src\main\AndroidManifest.xml:43:5-48:15
29        <intent>
29-->src\main\AndroidManifest.xml:44:9-47:18
30            <action android:name="android.intent.action.PROCESS_TEXT" />
30-->src\main\AndroidManifest.xml:45:13-72
30-->src\main\AndroidManifest.xml:45:21-70
31
32            <data android:mimeType="text/plain" />
32-->src\main\AndroidManifest.xml:46:13-50
32-->src\main\AndroidManifest.xml:46:19-48
33        </intent>
34        <intent>
34-->[:file_picker] AndroidManifest.xml:8:9-12:18
35            <action android:name="android.intent.action.GET_CONTENT" />
35-->[:file_picker] AndroidManifest.xml:9:13-72
35-->[:file_picker] AndroidManifest.xml:9:21-69
36
37            <data android:mimeType="*/*" />
37-->src\main\AndroidManifest.xml:46:13-50
37-->src\main\AndroidManifest.xml:46:19-48
38        </intent>
39    </queries>
40
41    <uses-feature android:name="android.hardware.camera.any" />
41-->[:camera_android_camerax] AndroidManifest.xml:7:5-64
41-->[:camera_android_camerax] AndroidManifest.xml:7:19-61
42
43    <uses-permission android:name="android.permission.CAMERA" />
43-->[:camera_android_camerax] AndroidManifest.xml:9:5-65
43-->[:camera_android_camerax] AndroidManifest.xml:9:22-62
44    <uses-permission android:name="android.permission.RECORD_AUDIO" />
44-->[:camera_android_camerax] AndroidManifest.xml:10:5-71
44-->[:camera_android_camerax] AndroidManifest.xml:10:22-68
45    <uses-permission android:name="android.permission.READ_EXTERNAL_STORAGE" />
46    <uses-permission android:name="android.permission.USE_BIOMETRIC" /> <!-- suppress DeprecatedClassUsageInspection -->
46-->[:local_auth_android] AndroidManifest.xml:7:5-72
46-->[:local_auth_android] AndroidManifest.xml:7:22-69
47    <uses-permission android:name="android.permission.USE_FINGERPRINT" />
47-->[androidx.biometric:biometric:1.1.0] AndroidManifest.xml:27:5-74
47-->[androidx.biometric:biometric:1.1.0] AndroidManifest.xml:27:22-71
48
49    <permission
49-->[androidx.core:core:1.16.0] AndroidManifest.xml:22:5-24:47
50        android:name="com.example.open_court.DYNAMIC_RECEIVER_NOT_EXPORTED_PERMISSION"
50-->[androidx.core:core:1.16.0] AndroidManifest.xml:23:9-81
51        android:protectionLevel="signature" />
51-->[androidx.core:core:1.16.0] AndroidManifest.xml:24:9-44
52
53    <uses-permission android:name="com.example.open_court.DYNAMIC_RECEIVER_NOT_EXPORTED_PERMISSION" />
53-->[androidx.core:core:1.16.0] AndroidManifest.xml:26:5-97
53-->[androidx.core:core:1.16.0] AndroidManifest.xml:26:22-94
54
55    <application
56        android:name="android.app.Application"
57        android:appComponentFactory="androidx.core.app.CoreComponentFactory"
57-->[androidx.core:core:1.16.0] AndroidManifest.xml:28:18-86
58        android:debuggable="true"
59        android:extractNativeLibs="true"
60        android:icon="@mipmap/launcher_icon"
61        android:label="open_court"
62        android:requestLegacyExternalStorage="true" >
63        <activity
64            android:name="com.example.open_court.MainActivity"
65            android:configChanges="orientation|keyboardHidden|keyboard|screenSize|smallestScreenSize|locale|layoutDirection|fontScale|screenLayout|density|uiMode"
66            android:exported="true"
67            android:hardwareAccelerated="true"
68            android:launchMode="singleTop"
69            android:taskAffinity=""
70            android:theme="@style/LaunchTheme"
71            android:windowSoftInputMode="adjustResize" >
72
73            <!--
74                 Specifies an Android theme to apply to this Activity as soon as
75                 the Android process has started. This theme is visible to the user
76                 while the Flutter UI initializes. After that, this theme continues
77                 to determine the Window background behind the Flutter UI.
78            -->
79            <meta-data
80                android:name="io.flutter.embedding.android.NormalTheme"
81                android:resource="@style/NormalTheme" />
82
83            <intent-filter>
84                <action android:name="android.intent.action.MAIN" />
85
86                <category android:name="android.intent.category.LAUNCHER" />
87            </intent-filter>
88        </activity>
89        <!--
90             Don't delete the meta-data below.
91             This is used by the Flutter tool to generate GeneratedPluginRegistrant.java
92        -->
93        <meta-data
94            android:name="flutterEmbedding"
95            android:value="2" />
96
97        <service
97-->[androidx.camera:camera-camera2:1.4.1] AndroidManifest.xml:24:9-33:19
98            android:name="androidx.camera.core.impl.MetadataHolderService"
98-->[androidx.camera:camera-camera2:1.4.1] AndroidManifest.xml:25:13-75
99            android:enabled="false"
99-->[androidx.camera:camera-camera2:1.4.1] AndroidManifest.xml:26:13-36
100            android:exported="false" >
100-->[androidx.camera:camera-camera2:1.4.1] AndroidManifest.xml:27:13-37
101            <meta-data
101-->[androidx.camera:camera-camera2:1.4.1] AndroidManifest.xml:30:13-32:89
102                android:name="androidx.camera.core.impl.MetadataHolderService.DEFAULT_CONFIG_PROVIDER"
102-->[androidx.camera:camera-camera2:1.4.1] AndroidManifest.xml:31:17-103
103                android:value="androidx.camera.camera2.Camera2Config$DefaultProvider" />
103-->[androidx.camera:camera-camera2:1.4.1] AndroidManifest.xml:32:17-86
104        </service>
105        <service
105-->[:geolocator_android] AndroidManifest.xml:8:9-12:56
106            android:name="com.baseflow.geolocator.GeolocatorLocationService"
106-->[:geolocator_android] AndroidManifest.xml:9:13-77
107            android:enabled="true"
107-->[:geolocator_android] AndroidManifest.xml:10:13-35
108            android:exported="false"
108-->[:geolocator_android] AndroidManifest.xml:11:13-37
109            android:foregroundServiceType="location" />
109-->[:geolocator_android] AndroidManifest.xml:12:13-53
110
111        <provider
111-->[:image_picker_android] AndroidManifest.xml:9:9-17:20
112            android:name="io.flutter.plugins.imagepicker.ImagePickerFileProvider"
112-->[:image_picker_android] AndroidManifest.xml:10:13-82
113            android:authorities="com.example.open_court.flutter.image_provider"
113-->[:image_picker_android] AndroidManifest.xml:11:13-74
114            android:exported="false"
114-->[:image_picker_android] AndroidManifest.xml:12:13-37
115            android:grantUriPermissions="true" >
115-->[:image_picker_android] AndroidManifest.xml:13:13-47
116            <meta-data
116-->[:image_picker_android] AndroidManifest.xml:14:13-16:75
117                android:name="android.support.FILE_PROVIDER_PATHS"
117-->[:image_picker_android] AndroidManifest.xml:15:17-67
118                android:resource="@xml/flutter_image_picker_file_paths" />
118-->[:image_picker_android] AndroidManifest.xml:16:17-72
119        </provider> <!-- Trigger Google Play services to install the backported photo picker module. -->
120        <service
120-->[:image_picker_android] AndroidManifest.xml:19:9-31:19
121            android:name="com.google.android.gms.metadata.ModuleDependencies"
121-->[:image_picker_android] AndroidManifest.xml:20:13-78
122            android:enabled="false"
122-->[:image_picker_android] AndroidManifest.xml:21:13-36
123            android:exported="false" >
123-->[:image_picker_android] AndroidManifest.xml:22:13-37
124            <intent-filter>
124-->[:image_picker_android] AndroidManifest.xml:24:13-26:29
125                <action android:name="com.google.android.gms.metadata.MODULE_DEPENDENCIES" />
125-->[:image_picker_android] AndroidManifest.xml:25:17-94
125-->[:image_picker_android] AndroidManifest.xml:25:25-91
126            </intent-filter>
127
128            <meta-data
128-->[:image_picker_android] AndroidManifest.xml:28:13-30:36
129                android:name="photopicker_activity:0:required"
129-->[:image_picker_android] AndroidManifest.xml:29:17-63
130                android:value="" />
130-->[:image_picker_android] AndroidManifest.xml:30:17-33
131        </service>
132
133        <activity
133-->[:url_launcher_android] AndroidManifest.xml:8:9-11:74
134            android:name="io.flutter.plugins.urllauncher.WebViewActivity"
134-->[:url_launcher_android] AndroidManifest.xml:9:13-74
135            android:exported="false"
135-->[:url_launcher_android] AndroidManifest.xml:10:13-37
136            android:theme="@android:style/Theme.NoTitleBar.Fullscreen" />
136-->[:url_launcher_android] AndroidManifest.xml:11:13-71
137        <activity
137-->[com.google.android.gms:play-services-base:18.3.0] AndroidManifest.xml:20:9-22:45
138            android:name="com.google.android.gms.common.api.GoogleApiActivity"
138-->[com.google.android.gms:play-services-base:18.3.0] AndroidManifest.xml:20:19-85
139            android:exported="false"
139-->[com.google.android.gms:play-services-base:18.3.0] AndroidManifest.xml:22:19-43
140            android:theme="@android:style/Theme.Translucent.NoTitleBar" />
140-->[com.google.android.gms:play-services-base:18.3.0] AndroidManifest.xml:21:19-78
141
142        <meta-data
142-->[com.google.android.gms:play-services-basement:18.3.0] AndroidManifest.xml:21:9-23:69
143            android:name="com.google.android.gms.version"
143-->[com.google.android.gms:play-services-basement:18.3.0] AndroidManifest.xml:22:13-58
144            android:value="@integer/google_play_services_version" />
144-->[com.google.android.gms:play-services-basement:18.3.0] AndroidManifest.xml:23:13-66
145
146        <uses-library
146-->[androidx.window:window:1.2.0] AndroidManifest.xml:23:9-25:40
147            android:name="androidx.window.extensions"
147-->[androidx.window:window:1.2.0] AndroidManifest.xml:24:13-54
148            android:required="false" />
148-->[androidx.window:window:1.2.0] AndroidManifest.xml:25:13-37
149        <uses-library
149-->[androidx.window:window:1.2.0] AndroidManifest.xml:26:9-28:40
150            android:name="androidx.window.sidecar"
150-->[androidx.window:window:1.2.0] AndroidManifest.xml:27:13-51
151            android:required="false" />
151-->[androidx.window:window:1.2.0] AndroidManifest.xml:28:13-37
152
153        <provider
153-->[androidx.lifecycle:lifecycle-process:2.8.7] AndroidManifest.xml:24:9-32:20
154            android:name="androidx.startup.InitializationProvider"
154-->[androidx.lifecycle:lifecycle-process:2.8.7] AndroidManifest.xml:25:13-67
155            android:authorities="com.example.open_court.androidx-startup"
155-->[androidx.lifecycle:lifecycle-process:2.8.7] AndroidManifest.xml:26:13-68
156            android:exported="false" >
156-->[androidx.lifecycle:lifecycle-process:2.8.7] AndroidManifest.xml:27:13-37
157            <meta-data
157-->[androidx.lifecycle:lifecycle-process:2.8.7] AndroidManifest.xml:29:13-31:52
158                android:name="androidx.lifecycle.ProcessLifecycleInitializer"
158-->[androidx.lifecycle:lifecycle-process:2.8.7] AndroidManifest.xml:30:17-78
159                android:value="androidx.startup" />
159-->[androidx.lifecycle:lifecycle-process:2.8.7] AndroidManifest.xml:31:17-49
160            <meta-data
160-->[androidx.profileinstaller:profileinstaller:1.3.1] AndroidManifest.xml:29:13-31:52
161                android:name="androidx.profileinstaller.ProfileInstallerInitializer"
161-->[androidx.profileinstaller:profileinstaller:1.3.1] AndroidManifest.xml:30:17-85
162                android:value="androidx.startup" />
162-->[androidx.profileinstaller:profileinstaller:1.3.1] AndroidManifest.xml:31:17-49
163        </provider>
164
165        <receiver
165-->[androidx.profileinstaller:profileinstaller:1.3.1] AndroidManifest.xml:34:9-52:20
166            android:name="androidx.profileinstaller.ProfileInstallReceiver"
166-->[androidx.profileinstaller:profileinstaller:1.3.1] AndroidManifest.xml:35:13-76
167            android:directBootAware="false"
167-->[androidx.profileinstaller:profileinstaller:1.3.1] AndroidManifest.xml:36:13-44
168            android:enabled="true"
168-->[androidx.profileinstaller:profileinstaller:1.3.1] AndroidManifest.xml:37:13-35
169            android:exported="true"
169-->[androidx.profileinstaller:profileinstaller:1.3.1] AndroidManifest.xml:38:13-36
170            android:permission="android.permission.DUMP" >
170-->[androidx.profileinstaller:profileinstaller:1.3.1] AndroidManifest.xml:39:13-57
171            <intent-filter>
171-->[androidx.profileinstaller:profileinstaller:1.3.1] AndroidManifest.xml:40:13-42:29
172                <action android:name="androidx.profileinstaller.action.INSTALL_PROFILE" />
172-->[androidx.profileinstaller:profileinstaller:1.3.1] AndroidManifest.xml:41:17-91
172-->[androidx.profileinstaller:profileinstaller:1.3.1] AndroidManifest.xml:41:25-88
173            </intent-filter>
174            <intent-filter>
174-->[androidx.profileinstaller:profileinstaller:1.3.1] AndroidManifest.xml:43:13-45:29
175                <action android:name="androidx.profileinstaller.action.SKIP_FILE" />
175-->[androidx.profileinstaller:profileinstaller:1.3.1] AndroidManifest.xml:44:17-85
175-->[androidx.profileinstaller:profileinstaller:1.3.1] AndroidManifest.xml:44:25-82
176            </intent-filter>
177            <intent-filter>
177-->[androidx.profileinstaller:profileinstaller:1.3.1] AndroidManifest.xml:46:13-48:29
178                <action android:name="androidx.profileinstaller.action.SAVE_PROFILE" />
178-->[androidx.profileinstaller:profileinstaller:1.3.1] AndroidManifest.xml:47:17-88
178-->[androidx.profileinstaller:profileinstaller:1.3.1] AndroidManifest.xml:47:25-85
179            </intent-filter>
180            <intent-filter>
180-->[androidx.profileinstaller:profileinstaller:1.3.1] AndroidManifest.xml:49:13-51:29
181                <action android:name="androidx.profileinstaller.action.BENCHMARK_OPERATION" />
181-->[androidx.profileinstaller:profileinstaller:1.3.1] AndroidManifest.xml:50:17-95
181-->[androidx.profileinstaller:profileinstaller:1.3.1] AndroidManifest.xml:50:25-92
182            </intent-filter>
183        </receiver>
184    </application>
185
186</manifest>